<?xml version="1.0" encoding="UTF-8"?>
<testsuite xmlns:xsi="http://www.w3.org/2001/XMLSchema-instance" xsi:noNamespaceSchemaLocation="https://maven.apache.org/surefire/maven-surefire-plugin/xsd/surefire-test-report-3.0.xsd" version="3.0" name="com.nagarro.simpleHelloWorld.SimpleHelloWorldApplicationTests" time="2.869" tests="1" errors="0" skipped="0" failures="0">
  <properties>
[...]
</properties>
  <testcase name="contextLoads" classname="com.nagarro.simpleHelloWorld.SimpleHelloWorldApplicationTests" time="1.035">
    <system-out><![CDATA[17:28:51.815 [main] INFO org.springframework.test.context.support.AnnotationConfigContextLoaderUtils -- Could not detect default configuration classes for test class [com.nagarro.simpleHelloWorld.SimpleHelloWorldApplicationTests]: SimpleHelloWorldApplicationTests does not declare any static, non-private, non-final, nested classes annotated with @Configuration.
17:28:51.927 [main] INFO org.springframework.boot.test.context.SpringBootTestContextBootstrapper -- Found @SpringBootConfiguration com.nagarro.simpleHelloWorld.SimpleHelloWorldApplication for test class com.nagarro.simpleHelloWorld.SimpleHelloWorldApplicationTests

  .   ____          _            __ _ _
 /\\ / ___'_ __ _ _(_)_ __  __ _ \ \ \ \
( ( )\___ | '_ | '_| | '_ \/ _` | \ \ \ \
 \\/  ___)| |_)| | | | | || (_| |  ) ) ) )
  '  |____| .__|_| |_|_| |_\__, | / / / /
 =========|_|==============|___/=/_/_/_/
 :: Spring Boot ::                (v3.2.4)

2024-04-03T17:28:52.331+05:30  INFO 9596 --- [simpleHelloWorld] [           main] c.n.s.SimpleHelloWorldApplicationTests   : Starting SimpleHelloWorldApplicationTests using Java 17.0.8.1 with PID 9596 (started by ganeshkorada in C:\Users\ganeshkorada\Desktop\devops\simpleHelloWorld)
2024-04-03T17:28:52.334+05:30  INFO 9596 --- [simpleHelloWorld] [           main] c.n.s.SimpleHelloWorldApplicationTests   : No active profile set, falling back to 1 default profile: "default"
2024-04-03T17:28:53.480+05:30  INFO 9596 --- [simpleHelloWorld] [           main] c.n.s.SimpleHelloWorldApplicationTests   : Started SimpleHelloWorldApplicationTests in 1.407 seconds (process running for 2.857)
]]></system-out>
  </testcase>
</testsuite>